<?xml version="1.0" encoding="UTF-8"?>
<testsuite xmlns:xsi="http://www.w3.org/2001/XMLSchema-instance" xsi:noNamespaceSchemaLocation="https://maven.apache.org/surefire/maven-surefire-plugin/xsd/surefire-test-report.xsd" name="hw.calculator.calculator.CalculatorApplicationTests" time="1.85" tests="6" errors="0" skipped="0" failures="0">
  <properties>
    <property name="sun.desktop" value="windows"/>
    <property name="awt.toolkit" value="sun.awt.windows.WToolkit"/>
    <property name="file.encoding.pkg" value="sun.io"/>
    <property name="java.specification.version" value="1.8"/>
    <property name="sun.cpu.isalist" value="amd64"/>
    <property name="sun.jnu.encoding" value="GBK"/>
    <property name="java.class.path" value="D:\Master folder\calculator\target\test-classes;D:\Master folder\calculator\target\classes;C:\Users\yanyi\.m2\repository\org\springframework\boot\spring-boot-starter\2.2.1.BUILD-SNAPSHOT\spring-boot-starter-2.2.1.BUILD-SNAPSHOT.jar;C:\Users\yanyi\.m2\repository\org\springframework\boot\spring-boot\2.2.1.BUILD-SNAPSHOT\spring-boot-2.2.1.BUILD-SNAPSHOT.jar;C:\Users\yanyi\.m2\repository\org\springframework\spring-context\5.2.1.BUILD-SNAPSHOT\spring-context-5.2.1.BUILD-SNAPSHOT.jar;C:\Users\yanyi\.m2\repository\org\springframework\boot\spring-boot-autoconfigure\2.2.1.BUILD-SNAPSHOT\spring-boot-autoconfigure-2.2.1.BUILD-SNAPSHOT.jar;C:\Users\yanyi\.m2\repository\org\springframework\boot\spring-boot-starter-logging\2.2.1.BUILD-SNAPSHOT\spring-boot-starter-logging-2.2.1.BUILD-SNAPSHOT.jar;C:\Users\yanyi\.m2\repository\ch\qos\logback\logback-classic\1.2.3\logback-classic-1.2.3.jar;C:\Users\yanyi\.m2\repository\ch\qos\logback\logback-core\1.2.3\logback-core-1.2.3.jar;C:\Users\yanyi\.m2\repository\org\apache\logging\log4j\log4j-to-slf4j\2.12.1\log4j-to-slf4j-2.12.1.jar;C:\Users\yanyi\.m2\repository\org\apache\logging\log4j\log4j-api\2.12.1\log4j-api-2.12.1.jar;C:\Users\yanyi\.m2\repository\org\slf4j\jul-to-slf4j\1.7.28\jul-to-slf4j-1.7.28.jar;C:\Users\yanyi\.m2\repository\jakarta\annotation\jakarta.annotation-api\1.3.5\jakarta.annotation-api-1.3.5.jar;C:\Users\yanyi\.m2\repository\org\springframework\spring-core\5.2.1.BUILD-SNAPSHOT\spring-core-5.2.1.BUILD-SNAPSHOT.jar;C:\Users\yanyi\.m2\repository\org\springframework\spring-jcl\5.2.1.BUILD-SNAPSHOT\spring-jcl-5.2.1.BUILD-SNAPSHOT.jar;C:\Users\yanyi\.m2\repository\org\yaml\snakeyaml\1.25\snakeyaml-1.25.jar;C:\Users\yanyi\.m2\repository\org\springframework\boot\spring-boot-starter-test\2.2.1.BUILD-SNAPSHOT\spring-boot-starter-test-2.2.1.BUILD-SNAPSHOT.jar;C:\Users\yanyi\.m2\repository\org\springframework\boot\spring-boot-test\2.2.1.BUILD-SNAPSHOT\spring-boot-test-2.2.1.BUILD-SNAPSHOT.jar;C:\Users\yanyi\.m2\repository\org\springframework\boot\spring-boot-test-autoconfigure\2.2.1.BUILD-SNAPSHOT\spring-boot-test-autoconfigure-2.2.1.BUILD-SNAPSHOT.jar;C:\Users\yanyi\.m2\repository\com\jayway\jsonpath\json-path\2.4.0\json-path-2.4.0.jar;C:\Users\yanyi\.m2\repository\net\minidev\json-smart\2.3\json-smart-2.3.jar;C:\Users\yanyi\.m2\repository\net\minidev\accessors-smart\1.2\accessors-smart-1.2.jar;C:\Users\yanyi\.m2\repository\org\ow2\asm\asm\5.0.4\asm-5.0.4.jar;C:\Users\yanyi\.m2\repository\org\slf4j\slf4j-api\1.7.28\slf4j-api-1.7.28.jar;C:\Users\yanyi\.m2\repository\jakarta\xml\bind\jakarta.xml.bind-api\2.3.2\jakarta.xml.bind-api-2.3.2.jar;C:\Users\yanyi\.m2\repository\jakarta\activation\jakarta.activation-api\1.2.1\jakarta.activation-api-1.2.1.jar;C:\Users\yanyi\.m2\repository\org\junit\jupiter\junit-jupiter\5.5.2\junit-jupiter-5.5.2.jar;C:\Users\yanyi\.m2\repository\org\junit\jupiter\junit-jupiter-api\5.5.2\junit-jupiter-api-5.5.2.jar;C:\Users\yanyi\.m2\repository\org\apiguardian\apiguardian-api\1.1.0\apiguardian-api-1.1.0.jar;C:\Users\yanyi\.m2\repository\org\opentest4j\opentest4j\1.2.0\opentest4j-1.2.0.jar;C:\Users\yanyi\.m2\repository\org\junit\platform\junit-platform-commons\1.5.2\junit-platform-commons-1.5.2.jar;C:\Users\yanyi\.m2\repository\org\junit\jupiter\junit-jupiter-params\5.5.2\junit-jupiter-params-5.5.2.jar;C:\Users\yanyi\.m2\repository\org\junit\jupiter\junit-jupiter-engine\5.5.2\junit-jupiter-engine-5.5.2.jar;C:\Users\yanyi\.m2\repository\org\junit\platform\junit-platform-engine\1.5.2\junit-platform-engine-1.5.2.jar;C:\Users\yanyi\.m2\repository\org\mockito\mockito-junit-jupiter\3.1.0\mockito-junit-jupiter-3.1.0.jar;C:\Users\yanyi\.m2\repository\org\hamcrest\hamcrest\2.1\hamcrest-2.1.jar;C:\Users\yanyi\.m2\repository\org\mockito\mockito-core\3.1.0\mockito-core-3.1.0.jar;C:\Users\yanyi\.m2\repository\net\bytebuddy\byte-buddy\1.10.1\byte-buddy-1.10.1.jar;C:\Users\yanyi\.m2\repository\net\bytebuddy\byte-buddy-agent\1.10.1\byte-buddy-agent-1.10.1.jar;C:\Users\yanyi\.m2\repository\org\objenesis\objenesis\2.6\objenesis-2.6.jar;C:\Users\yanyi\.m2\repository\org\skyscreamer\jsonassert\1.5.0\jsonassert-1.5.0.jar;C:\Users\yanyi\.m2\repository\com\vaadin\external\google\android-json\0.0.20131108.vaadin1\android-json-0.0.20131108.vaadin1.jar;C:\Users\yanyi\.m2\repository\org\springframework\spring-test\5.2.1.BUILD-SNAPSHOT\spring-test-5.2.1.BUILD-SNAPSHOT.jar;C:\Users\yanyi\.m2\repository\org\xmlunit\xmlunit-core\2.6.3\xmlunit-core-2.6.3.jar;C:\Users\yanyi\.m2\repository\org\springframework\boot\spring-boot-starter-web\2.2.1.BUILD-SNAPSHOT\spring-boot-starter-web-2.2.1.BUILD-SNAPSHOT.jar;C:\Users\yanyi\.m2\repository\org\springframework\boot\spring-boot-starter-json\2.2.1.BUILD-SNAPSHOT\spring-boot-starter-json-2.2.1.BUILD-SNAPSHOT.jar;C:\Users\yanyi\.m2\repository\com\fasterxml\jackson\core\jackson-databind\2.10.0\jackson-databind-2.10.0.jar;C:\Users\yanyi\.m2\repository\com\fasterxml\jackson\core\jackson-annotations\2.10.0\jackson-annotations-2.10.0.jar;C:\Users\yanyi\.m2\repository\com\fasterxml\jackson\core\jackson-core\2.10.0\jackson-core-2.10.0.jar;C:\Users\yanyi\.m2\repository\com\fasterxml\jackson\datatype\jackson-datatype-jdk8\2.10.0\jackson-datatype-jdk8-2.10.0.jar;C:\Users\yanyi\.m2\repository\com\fasterxml\jackson\datatype\jackson-datatype-jsr310\2.10.0\jackson-datatype-jsr310-2.10.0.jar;C:\Users\yanyi\.m2\repository\com\fasterxml\jackson\module\jackson-module-parameter-names\2.10.0\jackson-module-parameter-names-2.10.0.jar;C:\Users\yanyi\.m2\repository\org\springframework\boot\spring-boot-starter-tomcat\2.2.1.BUILD-SNAPSHOT\spring-boot-starter-tomcat-2.2.1.BUILD-SNAPSHOT.jar;C:\Users\yanyi\.m2\repository\org\apache\tomcat\embed\tomcat-embed-core\9.0.27\tomcat-embed-core-9.0.27.jar;C:\Users\yanyi\.m2\repository\org\apache\tomcat\embed\tomcat-embed-el\9.0.27\tomcat-embed-el-9.0.27.jar;C:\Users\yanyi\.m2\repository\org\apache\tomcat\embed\tomcat-embed-websocket\9.0.27\tomcat-embed-websocket-9.0.27.jar;C:\Users\yanyi\.m2\repository\org\springframework\boot\spring-boot-starter-validation\2.2.1.BUILD-SNAPSHOT\spring-boot-starter-validation-2.2.1.BUILD-SNAPSHOT.jar;C:\Users\yanyi\.m2\repository\jakarta\validation\jakarta.validation-api\2.0.1\jakarta.validation-api-2.0.1.jar;C:\Users\yanyi\.m2\repository\org\hibernate\validator\hibernate-validator\6.0.17.Final\hibernate-validator-6.0.17.Final.jar;C:\Users\yanyi\.m2\repository\org\jboss\logging\jboss-logging\3.4.1.Final\jboss-logging-3.4.1.Final.jar;C:\Users\yanyi\.m2\repository\com\fasterxml\classmate\1.5.0\classmate-1.5.0.jar;C:\Users\yanyi\.m2\repository\org\springframework\spring-web\5.2.1.BUILD-SNAPSHOT\spring-web-5.2.1.BUILD-SNAPSHOT.jar;C:\Users\yanyi\.m2\repository\org\springframework\spring-beans\5.2.1.BUILD-SNAPSHOT\spring-beans-5.2.1.BUILD-SNAPSHOT.jar;C:\Users\yanyi\.m2\repository\org\springframework\spring-webmvc\5.2.1.BUILD-SNAPSHOT\spring-webmvc-5.2.1.BUILD-SNAPSHOT.jar;C:\Users\yanyi\.m2\repository\org\springframework\spring-aop\5.2.1.BUILD-SNAPSHOT\spring-aop-5.2.1.BUILD-SNAPSHOT.jar;C:\Users\yanyi\.m2\repository\org\springframework\spring-expression\5.2.1.BUILD-SNAPSHOT\spring-expression-5.2.1.BUILD-SNAPSHOT.jar;C:\Users\yanyi\.m2\repository\org\assertj\assertj-core\3.6.2\assertj-core-3.6.2.jar;"/>
    <property name="java.vm.vendor" value="Oracle Corporation"/>
    <property name="sun.arch.data.model" value="64"/>
    <property name="user.variant" value=""/>
    <property name="java.vendor.url" value="http://java.oracle.com/"/>
    <property name="user.timezone" value="America/Los_Angeles"/>
    <property name="java.vm.specification.version" value="1.8"/>
    <property name="os.name" value="Windows 10"/>
    <property name="user.country" value="US"/>
    <property name="sun.java.launcher" value="SUN_STANDARD"/>
    <property name="sun.boot.library.path" value="C:\Program Files\Java\jdk1.8.0_211\jre\bin"/>
    <property name="sun.java.command" value="C:\Users\yanyi\AppData\Local\Temp\surefire4984029577776278376\surefirebooter2183120129300754540.jar C:\Users\yanyi\AppData\Local\Temp\surefire4984029577776278376 2019-10-28T23-17-20_899-jvmRun1 surefire5869910853609805613tmp surefire_0564282911855022156tmp"/>
    <property name="surefire.test.class.path" value="D:\Master folder\calculator\target\test-classes;D:\Master folder\calculator\target\classes;C:\Users\yanyi\.m2\repository\org\springframework\boot\spring-boot-starter\2.2.1.BUILD-SNAPSHOT\spring-boot-starter-2.2.1.BUILD-SNAPSHOT.jar;C:\Users\yanyi\.m2\repository\org\springframework\boot\spring-boot\2.2.1.BUILD-SNAPSHOT\spring-boot-2.2.1.BUILD-SNAPSHOT.jar;C:\Users\yanyi\.m2\repository\org\springframework\spring-context\5.2.1.BUILD-SNAPSHOT\spring-context-5.2.1.BUILD-SNAPSHOT.jar;C:\Users\yanyi\.m2\repository\org\springframework\boot\spring-boot-autoconfigure\2.2.1.BUILD-SNAPSHOT\spring-boot-autoconfigure-2.2.1.BUILD-SNAPSHOT.jar;C:\Users\yanyi\.m2\repository\org\springframework\boot\spring-boot-starter-logging\2.2.1.BUILD-SNAPSHOT\spring-boot-starter-logging-2.2.1.BUILD-SNAPSHOT.jar;C:\Users\yanyi\.m2\repository\ch\qos\logback\logback-classic\1.2.3\logback-classic-1.2.3.jar;C:\Users\yanyi\.m2\repository\ch\qos\logback\logback-core\1.2.3\logback-core-1.2.3.jar;C:\Users\yanyi\.m2\repository\org\apache\logging\log4j\log4j-to-slf4j\2.12.1\log4j-to-slf4j-2.12.1.jar;C:\Users\yanyi\.m2\repository\org\apache\logging\log4j\log4j-api\2.12.1\log4j-api-2.12.1.jar;C:\Users\yanyi\.m2\repository\org\slf4j\jul-to-slf4j\1.7.28\jul-to-slf4j-1.7.28.jar;C:\Users\yanyi\.m2\repository\jakarta\annotation\jakarta.annotation-api\1.3.5\jakarta.annotation-api-1.3.5.jar;C:\Users\yanyi\.m2\repository\org\springframework\spring-core\5.2.1.BUILD-SNAPSHOT\spring-core-5.2.1.BUILD-SNAPSHOT.jar;C:\Users\yanyi\.m2\repository\org\springframework\spring-jcl\5.2.1.BUILD-SNAPSHOT\spring-jcl-5.2.1.BUILD-SNAPSHOT.jar;C:\Users\yanyi\.m2\repository\org\yaml\snakeyaml\1.25\snakeyaml-1.25.jar;C:\Users\yanyi\.m2\repository\org\springframework\boot\spring-boot-starter-test\2.2.1.BUILD-SNAPSHOT\spring-boot-starter-test-2.2.1.BUILD-SNAPSHOT.jar;C:\Users\yanyi\.m2\repository\org\springframework\boot\spring-boot-test\2.2.1.BUILD-SNAPSHOT\spring-boot-test-2.2.1.BUILD-SNAPSHOT.jar;C:\Users\yanyi\.m2\repository\org\springframework\boot\spring-boot-test-autoconfigure\2.2.1.BUILD-SNAPSHOT\spring-boot-test-autoconfigure-2.2.1.BUILD-SNAPSHOT.jar;C:\Users\yanyi\.m2\repository\com\jayway\jsonpath\json-path\2.4.0\json-path-2.4.0.jar;C:\Users\yanyi\.m2\repository\net\minidev\json-smart\2.3\json-smart-2.3.jar;C:\Users\yanyi\.m2\repository\net\minidev\accessors-smart\1.2\accessors-smart-1.2.jar;C:\Users\yanyi\.m2\repository\org\ow2\asm\asm\5.0.4\asm-5.0.4.jar;C:\Users\yanyi\.m2\repository\org\slf4j\slf4j-api\1.7.28\slf4j-api-1.7.28.jar;C:\Users\yanyi\.m2\repository\jakarta\xml\bind\jakarta.xml.bind-api\2.3.2\jakarta.xml.bind-api-2.3.2.jar;C:\Users\yanyi\.m2\repository\jakarta\activation\jakarta.activation-api\1.2.1\jakarta.activation-api-1.2.1.jar;C:\Users\yanyi\.m2\repository\org\junit\jupiter\junit-jupiter\5.5.2\junit-jupiter-5.5.2.jar;C:\Users\yanyi\.m2\repository\org\junit\jupiter\junit-jupiter-api\5.5.2\junit-jupiter-api-5.5.2.jar;C:\Users\yanyi\.m2\repository\org\apiguardian\apiguardian-api\1.1.0\apiguardian-api-1.1.0.jar;C:\Users\yanyi\.m2\repository\org\opentest4j\opentest4j\1.2.0\opentest4j-1.2.0.jar;C:\Users\yanyi\.m2\repository\org\junit\platform\junit-platform-commons\1.5.2\junit-platform-commons-1.5.2.jar;C:\Users\yanyi\.m2\repository\org\junit\jupiter\junit-jupiter-params\5.5.2\junit-jupiter-params-5.5.2.jar;C:\Users\yanyi\.m2\repository\org\junit\jupiter\junit-jupiter-engine\5.5.2\junit-jupiter-engine-5.5.2.jar;C:\Users\yanyi\.m2\repository\org\junit\platform\junit-platform-engine\1.5.2\junit-platform-engine-1.5.2.jar;C:\Users\yanyi\.m2\repository\org\mockito\mockito-junit-jupiter\3.1.0\mockito-junit-jupiter-3.1.0.jar;C:\Users\yanyi\.m2\repository\org\hamcrest\hamcrest\2.1\hamcrest-2.1.jar;C:\Users\yanyi\.m2\repository\org\mockito\mockito-core\3.1.0\mockito-core-3.1.0.jar;C:\Users\yanyi\.m2\repository\net\bytebuddy\byte-buddy\1.10.1\byte-buddy-1.10.1.jar;C:\Users\yanyi\.m2\repository\net\bytebuddy\byte-buddy-agent\1.10.1\byte-buddy-agent-1.10.1.jar;C:\Users\yanyi\.m2\repository\org\objenesis\objenesis\2.6\objenesis-2.6.jar;C:\Users\yanyi\.m2\repository\org\skyscreamer\jsonassert\1.5.0\jsonassert-1.5.0.jar;C:\Users\yanyi\.m2\repository\com\vaadin\external\google\android-json\0.0.20131108.vaadin1\android-json-0.0.20131108.vaadin1.jar;C:\Users\yanyi\.m2\repository\org\springframework\spring-test\5.2.1.BUILD-SNAPSHOT\spring-test-5.2.1.BUILD-SNAPSHOT.jar;C:\Users\yanyi\.m2\repository\org\xmlunit\xmlunit-core\2.6.3\xmlunit-core-2.6.3.jar;C:\Users\yanyi\.m2\repository\org\springframework\boot\spring-boot-starter-web\2.2.1.BUILD-SNAPSHOT\spring-boot-starter-web-2.2.1.BUILD-SNAPSHOT.jar;C:\Users\yanyi\.m2\repository\org\springframework\boot\spring-boot-starter-json\2.2.1.BUILD-SNAPSHOT\spring-boot-starter-json-2.2.1.BUILD-SNAPSHOT.jar;C:\Users\yanyi\.m2\repository\com\fasterxml\jackson\core\jackson-databind\2.10.0\jackson-databind-2.10.0.jar;C:\Users\yanyi\.m2\repository\com\fasterxml\jackson\core\jackson-annotations\2.10.0\jackson-annotations-2.10.0.jar;C:\Users\yanyi\.m2\repository\com\fasterxml\jackson\core\jackson-core\2.10.0\jackson-core-2.10.0.jar;C:\Users\yanyi\.m2\repository\com\fasterxml\jackson\datatype\jackson-datatype-jdk8\2.10.0\jackson-datatype-jdk8-2.10.0.jar;C:\Users\yanyi\.m2\repository\com\fasterxml\jackson\datatype\jackson-datatype-jsr310\2.10.0\jackson-datatype-jsr310-2.10.0.jar;C:\Users\yanyi\.m2\repository\com\fasterxml\jackson\module\jackson-module-parameter-names\2.10.0\jackson-module-parameter-names-2.10.0.jar;C:\Users\yanyi\.m2\repository\org\springframework\boot\spring-boot-starter-tomcat\2.2.1.BUILD-SNAPSHOT\spring-boot-starter-tomcat-2.2.1.BUILD-SNAPSHOT.jar;C:\Users\yanyi\.m2\repository\org\apache\tomcat\embed\tomcat-embed-core\9.0.27\tomcat-embed-core-9.0.27.jar;C:\Users\yanyi\.m2\repository\org\apache\tomcat\embed\tomcat-embed-el\9.0.27\tomcat-embed-el-9.0.27.jar;C:\Users\yanyi\.m2\repository\org\apache\tomcat\embed\tomcat-embed-websocket\9.0.27\tomcat-embed-websocket-9.0.27.jar;C:\Users\yanyi\.m2\repository\org\springframework\boot\spring-boot-starter-validation\2.2.1.BUILD-SNAPSHOT\spring-boot-starter-validation-2.2.1.BUILD-SNAPSHOT.jar;C:\Users\yanyi\.m2\repository\jakarta\validation\jakarta.validation-api\2.0.1\jakarta.validation-api-2.0.1.jar;C:\Users\yanyi\.m2\repository\org\hibernate\validator\hibernate-validator\6.0.17.Final\hibernate-validator-6.0.17.Final.jar;C:\Users\yanyi\.m2\repository\org\jboss\logging\jboss-logging\3.4.1.Final\jboss-logging-3.4.1.Final.jar;C:\Users\yanyi\.m2\repository\com\fasterxml\classmate\1.5.0\classmate-1.5.0.jar;C:\Users\yanyi\.m2\repository\org\springframework\spring-web\5.2.1.BUILD-SNAPSHOT\spring-web-5.2.1.BUILD-SNAPSHOT.jar;C:\Users\yanyi\.m2\repository\org\springframework\spring-beans\5.2.1.BUILD-SNAPSHOT\spring-beans-5.2.1.BUILD-SNAPSHOT.jar;C:\Users\yanyi\.m2\repository\org\springframework\spring-webmvc\5.2.1.BUILD-SNAPSHOT\spring-webmvc-5.2.1.BUILD-SNAPSHOT.jar;C:\Users\yanyi\.m2\repository\org\springframework\spring-aop\5.2.1.BUILD-SNAPSHOT\spring-aop-5.2.1.BUILD-SNAPSHOT.jar;C:\Users\yanyi\.m2\repository\org\springframework\spring-expression\5.2.1.BUILD-SNAPSHOT\spring-expression-5.2.1.BUILD-SNAPSHOT.jar;C:\Users\yanyi\.m2\repository\org\assertj\assertj-core\3.6.2\assertj-core-3.6.2.jar;"/>
    <property name="sun.cpu.endian" value="little"/>
    <property name="user.home" value="C:\Users\yanyi"/>
    <property name="user.language" value="en"/>
    <property name="java.specification.vendor" value="Oracle Corporation"/>
    <property name="java.home" value="C:\Program Files\Java\jdk1.8.0_211\jre"/>
    <property name="basedir" value="D:\Master folder\calculator"/>
    <property name="file.separator" value="\"/>
    <property name="line.separator" value="&#10;"/>
    <property name="java.vm.specification.vendor" value="Oracle Corporation"/>
    <property name="java.specification.name" value="Java Platform API Specification"/>
    <property name="java.awt.graphicsenv" value="sun.awt.Win32GraphicsEnvironment"/>
    <property name="surefire.real.class.path" value="C:\Users\yanyi\AppData\Local\Temp\surefire4984029577776278376\surefirebooter2183120129300754540.jar"/>
    <property name="sun.boot.class.path" value="C:\Program Files\Java\jdk1.8.0_211\jre\lib\resources.jar;C:\Program Files\Java\jdk1.8.0_211\jre\lib\rt.jar;C:\Program Files\Java\jdk1.8.0_211\jre\lib\sunrsasign.jar;C:\Program Files\Java\jdk1.8.0_211\jre\lib\jsse.jar;C:\Program Files\Java\jdk1.8.0_211\jre\lib\jce.jar;C:\Program Files\Java\jdk1.8.0_211\jre\lib\charsets.jar;C:\Program Files\Java\jdk1.8.0_211\jre\lib\jfr.jar;C:\Program Files\Java\jdk1.8.0_211\jre\classes"/>
    <property name="user.script" value=""/>
    <property name="sun.management.compiler" value="HotSpot 64-Bit Tiered Compilers"/>
    <property name="java.runtime.version" value="1.8.0_211-b12"/>
    <property name="user.name" value="yanyi"/>
    <property name="path.separator" value=";"/>
    <property name="os.version" value="10.0"/>
    <property name="java.endorsed.dirs" value="C:\Program Files\Java\jdk1.8.0_211\jre\lib\endorsed"/>
    <property name="java.runtime.name" value="Java(TM) SE Runtime Environment"/>
    <property name="file.encoding" value="GBK"/>
    <property name="java.vm.name" value="Java HotSpot(TM) 64-Bit Server VM"/>
    <property name="localRepository" value="C:\Users\yanyi\.m2\repository"/>
    <property name="java.vendor.url.bug" value="http://bugreport.sun.com/bugreport/"/>
    <property name="java.io.tmpdir" value="C:\Users\yanyi\AppData\Local\Temp\"/>
    <property name="java.version" value="1.8.0_211"/>
    <property name="user.dir" value="D:\Master folder\calculator"/>
    <property name="os.arch" value="amd64"/>
    <property name="java.vm.specification.name" value="Java Virtual Machine Specification"/>
    <property name="java.awt.printerjob" value="sun.awt.windows.WPrinterJob"/>
    <property name="sun.os.patch.level" value=""/>
    <property name="java.library.path" value="C:\Program Files\Java\jdk1.8.0_211\jre\bin;C:\WINDOWS\Sun\Java\bin;C:\WINDOWS\system32;C:\WINDOWS;C:\Users\yanyi\bin;D:\Program Files (x86)\Git\mingw64\bin;D:\Program Files (x86)\Git\usr\local\bin;D:\Program Files (x86)\Git\usr\bin;D:\Program Files (x86)\Git\usr\bin;D:\Program Files (x86)\Git\mingw64\bin;D:\Program Files (x86)\Git\usr\bin;C:\Users\yanyi\bin;C:\ProgramData\DockerDesktop\version-bin;C:\Program Files\Docker\Docker\Resources\bin;C:\Program Files (x86)\Common Files\Oracle\Java\javapath;C:\Program Files (x86)\Intel\Intel(R) Management Engine Components\iCLS;C:\Program Files\Intel\Intel(R) Management Engine Components\iCLS;C:\Windows\system32;C:\Windows;C:\Windows\System32\Wbem;C:\Windows\System32\WindowsPowerShell\v1.0;C:\Windows\System32\OpenSSH;C:\Program Files (x86)\Intel\Intel(R) Management Engine Components\DAL;C:\Program Files\Intel\Intel(R) Management Engine Components\DAL;C:\Program Files (x86)\Intel\Intel(R) Management Engine Components\IPT;C:\Program Files\Intel\Intel(R) Management Engine Components\IPT;C:\Program Files (x86)\NVIDIA Corporation\PhysX\Common;C:\Program Files\Intel\WiFi\bin;C:\Program Files\Common Files\Intel\WirelessCommon;C:\WINDOWS\system32;C:\WINDOWS;C:\WINDOWS\System32\Wbem;C:\WINDOWS\System32\WindowsPowerShell\v1.0;C:\WINDOWS\System32\OpenSSH;C:\HashiCorp\Vagrant\bin;C:\Program Files\nodejs;D:\Program Files (x86)\Git\cmd;C:\Program Files\dotnet;C:\Users\yanyi\AppData\Local\Programs\Python\Python37-32\Scripts;C:\Users\yanyi\AppData\Local\Programs\Python\Python37-32;C:\Users\yanyi\AppData\Local\Microsoft\WindowsApps;C:\Program Files\Maven\apache-maven-3.6.1\bin;D:\Microsoft VS Code\bin;C:\Users\yanyi\AppData\Roaming\npm;D:\Program Files (x86)\Docker Toolbox;D:\Program Files (x86)\Git\usr\bin\vendor_perl;D:\Program Files (x86)\Git\usr\bin\core_perl;."/>
    <property name="java.vm.info" value="mixed mode"/>
    <property name="java.vendor" value="Oracle Corporation"/>
    <property name="java.vm.version" value="25.211-b12"/>
    <property name="java.ext.dirs" value="C:\Program Files\Java\jdk1.8.0_211\jre\lib\ext;C:\WINDOWS\Sun\Java\lib\ext"/>
    <property name="sun.io.unicode.encoding" value="UnicodeLittle"/>
    <property name="java.class.version" value="52.0"/>
  </properties>
  <testcase name="testAdd" classname="hw.calculator.calculator.CalculatorApplicationTests" time="0.145"/>
  <testcase name="testDiv" classname="hw.calculator.calculator.CalculatorApplicationTests" time="0.002"/>
  <testcase name="testMod" classname="hw.calculator.calculator.CalculatorApplicationTests" time="0.001"/>
  <testcase name="testMul" classname="hw.calculator.calculator.CalculatorApplicationTests" time="0.002"/>
  <testcase name="testSub" classname="hw.calculator.calculator.CalculatorApplicationTests" time="0.002"/>
  <testcase name="contextLoads" classname="hw.calculator.calculator.CalculatorApplicationTests" time="0.002"/>
</testsuite>